<?xml version="1.0" encoding="UTF-8" ?>
<testsuite tests="2" failures="1" name="TestSuite" time="16.563" errors="0" skipped="0">
  <properties>
[...]
</properties>
  <testcase classname="com.ecom.amazon.login.HomepageTest" name="TestHomepage" time="0.455"/>
  <testcase classname="com.ecom.amazon.login.LoginTest" name="testlogin" time="16.108">
    <failure message="expected [vasanth shanmugam] but found [vasanth s]" type="java.lang.AssertionError">java.lang.AssertionError: expected [vasanth shanmugam] but found [vasanth s]
	at org.testng.Assert.fail(Assert.java:94)
	at org.testng.Assert.failNotEquals(Assert.java:513)
	at org.testng.Assert.assertEqualsImpl(Assert.java:135)
	at org.testng.Assert.assertEquals(Assert.java:116)
	at org.testng.Assert.assertEquals(Assert.java:190)
	at org.testng.Assert.assertEquals(Assert.java:200)
	at com.ecom.amazon.login.LoginTest.testlogin(LoginTest.java:51)
</failure>
    <system-out>C:\Users\User\Anburose\worklocation\amazon
2018-06-14 12:41:13 INFO  Initializer:65 - Log file initiated here
Getting input data from getexceldata
4
9
Yes
No
No
total x value is1
 Input Test Data: vasiinso@gmail.com
 Input Test Data: Admin@123
Locator Key from OR file is lnktxt_signin_btn
Locator Key from OR file is css_email_txtbox
Locator Key from OR file is css_pswrd_txtbox
Locator Key from OR file is id_signin_btn
Locator Key from OR file is xpath_welcomeuname_lbl
</system-out>
    <system-err>Starting ChromeDriver 2.37.544315 (730aa6a5fdba159ac9f4c1e8cbc59bf1b5ce12b7) on port 26621
Only local connections are allowed.
Jun 14, 2018 12:41:05 PM org.openqa.selenium.remote.ProtocolHandshake createSession
INFO: Detected dialect: OSS
</system-err>
  </testcase>
</testsuite>