<?xml version="1.0" encoding="UTF-8"?>
<!-- Generated by org.testng.reporters.JUnitXMLReporter -->
<testsuite hostname="User-Laptop" ignored="0" name="Command line test" tests="2" failures="1" timestamp="14 Jun 2018 07:11:29 GMT" time="48.108" errors="0">
  <testcase name="TestHomepage" time="0.453" classname="com.ecom.amazon.login.HomepageTest"/>
  <testcase name="testlogin" time="16.109" classname="com.ecom.amazon.login.LoginTest">
    <failure type="java.lang.AssertionError" message="expected [vasanth shanmugam] but found [vasanth s]">
      <![CDATA[java.lang.AssertionError: expected [vasanth shanmugam] but found [vasanth s]
	at com.ecom.amazon.login.LoginTest.testlogin(LoginTest.java:51)
... Removed 41 stack frames]]>
    </failure>
  </testcase> <!-- testlogin -->
</testsuite> <!-- Command line test -->
